1698513454685	geckodriver	INFO	Listening on 127.0.0.1:50747
1698513457736	mozrunner::runner	INFO	Running command: "C:\\Program Files\\Mozilla Firefox\\firefox.exe" "--marionette" "-no-remote" "-profile" "C:\\Users\\Valentin\\AppData\\Local\\Temp\\rust_mozprofileoeZuwR"
console.warn: services.settings: Ignoring preference override of remote settings server
console.warn: services.settings: Allow by setting MOZ_REMOTE_SETTINGS_DEVTOOLS=1 in the environment
1698513458057	Marionette	INFO	Marionette enabled
Dynamically enable window occlusion 0
1698513458175	Marionette	INFO	Listening on port 50757
Read port: 50757
1698513458330	RemoteAgent	WARN	TLS certificate errors will be ignored for this session
1698513466998	Marionette	INFO	Stopped listening on port 50757
Dynamically enable window occlusion 1
JavaScript error: chrome://remote/content/marionette/cert.sys.mjs, line 51: NS_ERROR_NOT_AVAILABLE: Component returned failure code: 0x80040111 (NS_ERROR_NOT_AVAILABLE) [nsICertOverrideService.setDisableAllSecurityChecksAndLetAttackersInterceptMyData]
1698513488758	geckodriver	INFO	Listening on 127.0.0.1:50818
1698513491778	mozrunner::runner	INFO	Running command: "C:\\Program Files\\Mozilla Firefox\\firefox.exe" "--marionette" "-no-remote" "-profile" "C:\\Users\\Valentin\\AppData\\Local\\Temp\\rust_mozprofileL5GIYF"
console.warn: services.settings: Ignoring preference override of remote settings server
console.warn: services.settings: Allow by setting MOZ_REMOTE_SETTINGS_DEVTOOLS=1 in the environment
1698513492087	Marionette	INFO	Marionette enabled
Dynamically enable window occlusion 0
1698513492271	Marionette	INFO	Listening on port 50840
Read port: 50840
1698513492459	RemoteAgent	WARN	TLS certificate errors will be ignored for this session
1698513522997	addons.xpi	ERROR	System addon update list error SyntaxError: XMLHttpRequest.open: 'http://%(server)s/dummy-system-addons.xml' is not a valid URL.
console.error: ({})
console.error: ({})
console.error: ({})
console.error: ({})
console.error: ({})
JavaScript error: , line 0: NS_ERROR_NOT_AVAILABLE
console.error: ({})
console.error: ({})
console.error: ({})
console.error: ({})
console.error: ({})
JavaScript warning: https://gum.criteo.com/syncframe?topUrl=www.unibet.fr&origin=onetag#{%22bundle%22:{%22origin%22:0,%22value%22:null},%22cw%22:true,%22optout%22:{%22origin%22:0,%22value%22:null},%22origin%22:%22onetag%22,%22sid%22:{%22origin%22:0,%22value%22:null},%22tld%22:%22unibet.fr%22,%22topUrl%22:%22www.unibet.fr%22,%22version%22:%225_20_0%22,%22ifa%22:{%22origin%22:0,%22value%22:null},%22lsw%22:true,%22pm%22:0}, line 14: Script terminated by timeout at:
r.prototype.flushEventQueue@https://gum.criteo.com/syncframe?topUrl=www.unibet.fr&origin=onetag#{%22bundle%22:{%22origin%22:0,%22value%22:null},%22cw%22:true,%22optout%22:{%22origin%22:0,%22value%22:null},%22origin%22:%22onetag%22,%22sid%22:{%22origin%22:0,%22value%22:null},%22tld%22:%22unibet.fr%22,%22topUrl%22:%22www.unibet.fr%22,%22version%22:%225_20_0%22,%22ifa%22:{%22origin%22:0,%22value%22:null},%22lsw%22:true,%22pm%22:0}:14:3137
r/<@https://gum.criteo.com/syncframe?topUrl=www.unibet.fr&origin=onetag#{%22bundle%22:{%22origin%22:0,%22value%22:null},%22cw%22:true,%22optout%22:{%22origin%22:0,%22value%22:null},%22origin%22:%22onetag%22,%22sid%22:{%22origin%22:0,%22value%22:null},%22tld%22:%22unibet.fr%22,%22topUrl%22:%22www.unibet.fr%22,%22version%22:%225_20_0%22,%22ifa%22:{%22origin%22:0,%22value%22:null},%22lsw%22:true,%22pm%22:0}:14:3642

console.warn: LoginRecipes: "Falling back to a synchronous message for: https://www.unibet.fr."
console.warn: LoginRecipes: "Falling back to a synchronous message for: https://www.unibet.fr."
JavaScript warning: https://gum.criteo.com/syncframe?topUrl=www.unibet.1698560910133	Marionette	INFO	Stopped listening on port 51148
Dynamically enable window occlusion 1
JavaScript error: chrome://remote/content/marionette/cert.sys.mjs, line 51: NS_ERROR_NOT_AVAILABLE: Component returned failure code: 0x80040111 (NS_ERROR_NOT_AVAILABLE) [nsICertOverrideService.setDisableAllSecurityChecksAndLetAttackersInterceptMyData]
rigin%22:%22onetag%22,%22sid%22:{%22origin%22:0,%22value%22:null},%22tld%22:%22unibet.fr%22,%22topUrl%22:%22www.unibet.fr%22,%22version%22:%225_20_0%22,%22ifa%22:{%22origin%22:0,%22value%22:null},%22lsw%22:true,%22pm%22:0}, line 14: Script terminated by timeout at:
r.prototype.flushEventQueue@https://gum.criteo.com/syncframe?topUrl=www.unibet.fr&origin=onetag#{%22bundle%22:{%22origin%22:3,%22value%22:%22gH3jDl8zNW9uYVBMcFRERkMlMkZEd3cwcDNtTnBuclJVZ2ZHclEzT2hKVDh6QWV2NlNrUDh0ZEVpZFN0eUtQbk1FbVpvQk0zWHhUaGVJeGQ3M0RRNEJVbXpKM3hIM2F4UzhBUFNTQ2QlMkI3aDdoZlZ1dlMzUjBqSGtyZ2d6VXhnbkwlMkZSTGpUWTBOd1haZlRaWTQ4Z2M4T2xEaVNoaVElM0QlM0Q%22},%22cw%22:true,%22optout%22:{%22origin%22:0,%22value%22:null},%22origin%22:%22onetag%22,%22sid%22:{%22origin%22:0,%22value%22:null},%22tld%22:%22unibet.fr%22,%22topUrl%22:%22www.unibet.fr%22,%22version%22:%225_20_0%22,%22ifa%22:{%22origin%22:0,%22value%22:null},%22lsw%22:true,%22pm%22:0}:14:3137
r/<@https://gum.criteo.com/syncframe?topUrl=www.unibet.fr&origin=onetag#{%22bundle%22:{%22origin%22:3,%22value%22:%22gH3jDl8zNW9uYVBMcFRERkMlMkZEd3cwcDNtTnBuclJVZ2ZHclEzT2hKVDh6QWV2NlNrUDh0ZEVpZFN0eUtQbk1FbVpvQk0zWHhUaGVJeGQ3M0RRNEJVbXpKM3hIM2F4UzhBUFNTQ2QlMkI3aDdoZlZ1dlMzUjBqSGtyZ2d6VXhnbkwlMkZSTGpUWTBOd1haZlRaWTQ4Z2M4T2xEaVNoaVElM0QlM0Q%22},%22cw%22:true,%22optout%22:{%22origin%22:0,%22value%22:null},%22origin%22:%22onetag%22,%22sid%22:{%22origin%22:0,%22value%22:null},%22tld%22:%22unibet.fr%22,%22topUrl%22:%22www.unibet.fr%22,%22version%22:%225_20_0%22,%22ifa%22:{%22origin%22:0,%22value%22:null},%22lsw%22:true,%22pm%22:0}:14:3642

console.warn: LoginRecipes: "Falling back to a synchronous message for: https://www.unibet.fr."
console.warn: LoginRecipes: "Falling back to a synchronous message for: https://www.unibet.fr."
console.error: ({})
1698560912937	Marionette	INFO	Stopped listening on port 50840
Dynamically enable window occlusion 1
JavaScript error: chrome://remote/content/marionette/cert.sys.mjs, line 51: NS_ERROR_NOT_AVAILABLE: Component returned failure code: 0x80040111 (NS_ERROR_NOT_AVAILABLE) [nsICertOverrideService.setDisableAllSecurityChecksAndLetAttackersInterceptMyData]
